<?xml version="1.0" encoding="UTF-8"?>
<testng-results total="1" passed="1" failed="0" skipped="0">
  <reporter-output>
  </reporter-output>
  <suite started-at="2021-04-01T04:19:11Z" name="Default suite" finished-at="2021-04-01T04:20:07Z" duration-ms="56134">
    <groups>
    </groups>
    <test started-at="2021-04-01T04:19:11Z" name="Default test" finished-at="2021-04-01T04:20:07Z" duration-ms="56134">
      <class name="com.github.qa.uitests.GitHubTest">
        <test-method is-config="true" signature="before()[pri:0, instance:com.github.qa.uitests.GitHubTest@1a2e2935]" started-at="2021-04-01T09:49:10Z" name="before" finished-at="2021-04-01T09:49:11Z" duration-ms="598" status="PASS">
          <reporter-output>
          </reporter-output>
        </test-method> <!-- before -->
        <test-method is-config="true" signature="driversetup()[pri:0, instance:com.github.qa.uitests.GitHubTest@1a2e2935]" started-at="2021-04-01T09:49:11Z" name="driversetup" finished-at="2021-04-01T09:49:15Z" duration-ms="4176" status="PASS">
          <reporter-output>
          </reporter-output>
        </test-method> <!-- driversetup -->
        <test-method is-config="true" signature="initializePages()[pri:0, instance:com.github.qa.uitests.GitHubTest@1a2e2935]" started-at="2021-04-01T09:49:15Z" name="initializePages" finished-at="2021-04-01T09:49:15Z" duration-ms="43" status="PASS">
          <reporter-output>
          </reporter-output>
        </test-method> <!-- initializePages -->
        <test-method signature="VerifySignIn_ResetPassword_SignupTestForGitHUbApp()[pri:0, instance:com.github.qa.uitests.GitHubTest@1a2e2935]" started-at="2021-04-01T09:49:15Z" name="VerifySignIn_ResetPassword_SignupTestForGitHUbApp" description="To verify Open the GitHub application and start verifcaton for Sign in, Sign up and Password reset page" finished-at="2021-04-01T09:50:03Z" duration-ms="48638" status="PASS">
          <reporter-output>
          </reporter-output>
        </test-method> <!-- VerifySignIn_ResetPassword_SignupTestForGitHUbApp -->
        <test-method is-config="true" signature="afterMainMethod(org.testng.ITestResult)[pri:0, instance:com.github.qa.uitests.GitHubTest@1a2e2935]" started-at="2021-04-01T09:50:03Z" name="afterMainMethod" finished-at="2021-04-01T09:50:07Z" duration-ms="3252" status="PASS">
          <params>
            <param index="0">
              <value>
                <![CDATA[[TestResult name=VerifySignIn_ResetPassword_SignupTestForGitHUbApp status=SUCCESS method=GitHubTest.VerifySignIn_ResetPassword_SignupTestForGitHUbApp()[pri:0, instance:com.github.qa.uitests.GitHubTest@1a2e2935] output={null}]]]>
              </value>
            </param>
          </params>
          <reporter-output>
          </reporter-output>
        </test-method> <!-- afterMainMethod -->
        <test-method is-config="true" signature="tearDownSuite()[pri:0, instance:com.github.qa.uitests.GitHubTest@1a2e2935]" started-at="2021-04-01T09:50:07Z" name="tearDownSuite" finished-at="2021-04-01T09:50:07Z" duration-ms="339" status="PASS">
          <reporter-output>
          </reporter-output>
        </test-method> <!-- tearDownSuite -->
      </class> <!-- com.github.qa.uitests.GitHubTest -->
    </test> <!-- Default test -->
  </suite> <!-- Default suite -->
</testng-results>
